<?xml version="1.0" encoding="UTF-8"?>
<!-- Generated by org.testng.reporters.JUnitReportReporter -->
<testsuite hostname="Surendhar-PC" failures="0" tests="7" name="com.TestNG.org.Simple_Annotations" time="0.023" errors="0" timestamp="2022-08-25T01:27:43 IST" skipped="0">
  <testcase classname="com.TestNG.org.Simple_Annotations" name="flipkart" time="0.008"/>
  <system-out/>
  <testcase classname="com.TestNG.org.Simple_Annotations" name="myntra" time="0.004"/>
  <system-out/>
  <testcase classname="com.TestNG.org.Simple_Annotations" name="amazon" time="0.003"/>
  <system-out/>
  <testcase classname="com.TestNG.org.Simple_Annotations" name="myntra" time="0.003"/>
  <system-out/>
  <testcase classname="com.TestNG.org.Simple_Annotations" name="trends" time="0.001"/>
  <system-out/>
  <testcase classname="com.TestNG.org.Simple_Annotations" name="ajio" time="0.002"/>
  <system-out/>
  <testcase classname="com.TestNG.org.Simple_Annotations" name="myntra" time="0.002"/>
  <system-out/>
</testsuite> <!-- com.TestNG.org.Simple_Annotations -->
