<?xml version="1.0" encoding="UTF-8"?>
<!-- Generated by org.testng.reporters.JUnitReportReporter -->
<testsuite hostname="Surendhar-PC" failures="0" tests="2" name="com.TestNG.org.Dependency_Concept" time="0.019" errors="0" timestamp="2022-08-25T05:50:08 IST" skipped="0">
  <testcase classname="com.TestNG.org.Dependency_Concept" name="tenth" time="0.016"/>
  <system-out/>
  <testcase classname="com.TestNG.org.Dependency_Concept" name="twelth" time="0.003"/>
  <system-out/>
</testsuite> <!-- com.TestNG.org.Dependency_Concept -->
