<?xml version="1.0" encoding="UTF-8"?>
<!-- Generated by org.testng.reporters.JUnitReportReporter -->
<testsuite hostname="Surendhar-PC" failures="0" tests="1" name="com.TestNG.org.Soft_Assert_Concept" time="0.018" errors="0" timestamp="2022-08-28T18:41:24 IST" skipped="0">
  <testcase classname="com.TestNG.org.Soft_Assert_Concept" name="name" time="0.018"/>
  <system-out/>
</testsuite> <!-- com.TestNG.org.Soft_Assert_Concept -->
