<?xml version="1.0" encoding="UTF-8"?>
<!-- Generated by org.testng.reporters.JUnitReportReporter -->
<testsuite hostname="Surendhar-PC" failures="0" tests="2" name="com.TestNG.org.Parallel_Concept" time="0.030" errors="0" timestamp="2022-08-28T18:42:42 IST" skipped="0">
  <testcase classname="com.TestNG.org.Parallel_Concept" name="facebook" time="0.015"/>
  <system-out/>
  <testcase classname="com.TestNG.org.Parallel_Concept" name="instagram" time="0.015"/>
  <system-out/>
</testsuite> <!-- com.TestNG.org.Parallel_Concept -->
