<?xml version="1.0" encoding="UTF-8"?>
<!-- Generated by org.testng.reporters.JUnitReportReporter -->
<testsuite hostname="Surendhar-PC" failures="0" tests="7" name="com.TestNG.org.Grouping_Concept" time="0.035" errors="0" timestamp="2022-08-25T05:46:15 IST" skipped="0">
  <testcase classname="com.TestNG.org.Grouping_Concept" name="dell" time="0.002"/>
  <system-out/>
  <testcase classname="com.TestNG.org.Grouping_Concept" name="toshiba" time="0.004"/>
  <system-out/>
  <testcase classname="com.TestNG.org.Grouping_Concept" name="acer" time="0.014"/>
  <system-out/>
  <testcase classname="com.TestNG.org.Grouping_Concept" name="redmitv" time="0.005"/>
  <system-out/>
  <testcase classname="com.TestNG.org.Grouping_Concept" name="hp" time="0.002"/>
  <system-out/>
  <testcase classname="com.TestNG.org.Grouping_Concept" name="vu" time="0.005"/>
  <system-out/>
  <testcase classname="com.TestNG.org.Grouping_Concept" name="lg" time="0.003"/>
  <system-out/>
</testsuite> <!-- com.TestNG.org.Grouping_Concept -->
