<?xml version="1.0" encoding="UTF-8"?>
<!-- Generated by org.testng.reporters.JUnitReportReporter -->
<testsuite hostname="Surendhar-PC" failures="0" tests="3" name="com.TestNG.org.Dataprovider_Concept" time="0.016" errors="0" timestamp="2022-08-26T07:44:33 IST" skipped="0">
  <testcase classname="com.TestNG.org.Dataprovider_Concept" name="names" time="0.013"/>
  <system-out/>
  <testcase classname="com.TestNG.org.Dataprovider_Concept" name="names" time="0.002"/>
  <system-out/>
  <testcase classname="com.TestNG.org.Dataprovider_Concept" name="names" time="0.001"/>
  <system-out/>
</testsuite> <!-- com.TestNG.org.Dataprovider_Concept -->
