<?xml version="1.0" encoding="UTF-8"?>
<!-- Generated by org.testng.reporters.JUnitReportReporter -->
<testsuite hostname="Surendhar-PC" failures="0" tests="1" name="com.TestNG.org.Hard_Assert_Concept" time="0.015" errors="0" timestamp="2022-08-28T18:39:14 IST" skipped="0">
  <testcase classname="com.TestNG.org.Hard_Assert_Concept" name="name" time="0.015"/>
  <system-out/>
</testsuite> <!-- com.TestNG.org.Hard_Assert_Concept -->
