<?xml version="1.0" encoding="UTF-8"?>
<!-- Generated by org.testng.reporters.JUnitReportReporter -->
<testsuite hostname="Surendhar-PC" failures="0" tests="3" name="com.TestNG.org.Ignore_Concept" time="0.015" errors="0" timestamp="2022-08-25T05:31:22 IST" skipped="1">
  <testcase classname="com.TestNG.org.Ignore_Concept" name="acer" time="0.013"/>
  <system-out/>
  <testcase classname="com.TestNG.org.Ignore_Concept" name="toshiba" time="0.002"/>
  <system-out/>
  <testcase classname="com.TestNG.org.Ignore_Concept" name="dell">
    <skipped/>
  </testcase> <!-- dell -->
  <system-out/>
</testsuite> <!-- com.TestNG.org.Ignore_Concept -->
