<?xml version="1.0" encoding="UTF-8"?>
<!-- Generated by org.testng.reporters.JUnitReportReporter -->
<testsuite hostname="Surendhar-PC" failures="0" tests="1" name="com.TestNG.org.Parameterized_Concepts" time="0.016" errors="0" timestamp="2022-08-26T07:27:43 IST" skipped="0">
  <testcase classname="com.TestNG.org.Parameterized_Concepts" name="names" time="0.016"/>
  <system-out/>
</testsuite> <!-- com.TestNG.org.Parameterized_Concepts -->
