<?xml version="1.0" encoding="UTF-8"?>
<!-- Generated by org.testng.reporters.JUnitReportReporter -->
<testsuite hostname="Surendhar-PC" failures="0" tests="1" name="com.TestNG.org.Expected_Exceptions" time="0.015" errors="0" timestamp="2022-08-26T06:41:16 IST" skipped="0">
  <testcase classname="com.TestNG.org.Expected_Exceptions" name="demo" time="0.015"/>
  <system-out/>
</testsuite> <!-- com.TestNG.org.Expected_Exceptions -->
